{
  "/Users/arthurhead/IdeaProjects/junie-wealth-coach/src/App.tsx": {
    "path": "/Users/arthurhead/IdeaProjects/junie-wealth-coach/src/App.tsx",
    "all": true,
    "statementMap": {
      "0": {
        "start": {
          "line": 1,
          "column": 0
        },
        "end": {
          "line": 1,
          "column": 54
        }
      },
      "1": {
        "start": {
          "line": 2,
          "column": 0
        },
        "end": {
          "line": 2,
          "column": 18
        }
      },
      "3": {
        "start": {
          "line": 4,
          "column": 0
        },
        "end": {
          "line": 4,
          "column": 16
        }
      },
      "4": {
        "start": {
          "line": 5,
          "column": 0
        },
        "end": {
          "line": 5,
          "column": 26
        }
      },
      "5": {
        "start": {
          "line": 6,
          "column": 0
        },
        "end": {
          "line": 6,
          "column": 1
        }
      },
      "7": {
        "start": {
          "line": 8,
          "column": 0
        },
        "end": {
          "line": 8,
          "column": 18
        }
      }
    },
    "s": {
      "0": 0,
      "1": 0,
      "3": 0,
      "4": 0,
      "5": 0,
      "7": 0
    },
    "branchMap": {
      "0": {
        "type": "branch",
        "line": 1,
        "loc": {
          "start": {
            "line": 1,
            "column": 140
          },
          "end": {
            "line": 8,
            "column": 18
          }
        },
        "locations": [
          {
            "start": {
              "line": 1,
              "column": 140
            },
            "end": {
              "line": 8,
              "column": 18
            }
          }
        ]
      }
    },
    "b": {
      "0": [
        0
      ]
    },
    "fnMap": {
      "0": {
        "name": "(empty-report)",
        "decl": {
          "start": {
            "line": 1,
            "column": 140
          },
          "end": {
            "line": 8,
            "column": 18
          }
        },
        "loc": {
          "start": {
            "line": 1,
            "column": 140
          },
          "end": {
            "line": 8,
            "column": 18
          }
        },
        "line": 1
      }
    },
    "f": {
      "0": 0
    }
  },
  "/Users/arthurhead/IdeaProjects/junie-wealth-coach/src/main.tsx": {
    "path": "/Users/arthurhead/IdeaProjects/junie-wealth-coach/src/main.tsx",
    "all": true,
    "statementMap": {
      "0": {
        "start": {
          "line": 1,
          "column": 0
        },
        "end": {
          "line": 1,
          "column": 34
        }
      },
      "1": {
        "start": {
          "line": 2,
          "column": 0
        },
        "end": {
          "line": 2,
          "column": 45
        }
      },
      "2": {
        "start": {
          "line": 3,
          "column": 0
        },
        "end": {
          "line": 3,
          "column": 20
        }
      },
      "3": {
        "start": {
          "line": 4,
          "column": 0
        },
        "end": {
          "line": 4,
          "column": 27
        }
      },
      "5": {
        "start": {
          "line": 6,
          "column": 0
        },
        "end": {
          "line": 6,
          "column": 52
        }
      },
      "6": {
        "start": {
          "line": 7,
          "column": 0
        },
        "end": {
          "line": 7,
          "column": 14
        }
      },
      "7": {
        "start": {
          "line": 8,
          "column": 0
        },
        "end": {
          "line": 8,
          "column": 11
        }
      },
      "8": {
        "start": {
          "line": 9,
          "column": 0
        },
        "end": {
          "line": 9,
          "column": 16
        }
      },
      "9": {
        "start": {
          "line": 10,
          "column": 0
        },
        "end": {
          "line": 10,
          "column": 1
        }
      }
    },
    "s": {
      "0": 0,
      "1": 0,
      "2": 0,
      "3": 0,
      "5": 0,
      "6": 0,
      "7": 0,
      "8": 0,
      "9": 0
    },
    "branchMap": {
      "0": {
        "type": "branch",
        "line": 1,
        "loc": {
          "start": {
            "line": 1,
            "column": 203
          },
          "end": {
            "line": 10,
            "column": -148
          }
        },
        "locations": [
          {
            "start": {
              "line": 1,
              "column": 203
            },
            "end": {
              "line": 10,
              "column": -148
            }
          }
        ]
      }
    },
    "b": {
      "0": [
        0
      ]
    },
    "fnMap": {
      "0": {
        "name": "(empty-report)",
        "decl": {
          "start": {
            "line": 1,
            "column": 203
          },
          "end": {
            "line": 10,
            "column": -148
          }
        },
        "loc": {
          "start": {
            "line": 1,
            "column": 203
          },
          "end": {
            "line": 10,
            "column": -148
          }
        },
        "line": 1
      }
    },
    "f": {
      "0": 0
    }
  },
  "/Users/arthurhead/IdeaProjects/junie-wealth-coach/src/components/ChatInterface.tsx": {
    "path": "/Users/arthurhead/IdeaProjects/junie-wealth-coach/src/components/ChatInterface.tsx",
    "all": true,
    "statementMap": {
      "0": {
        "start": {
          "line": 1,
          "column": 0
        },
        "end": {
          "line": 1,
          "column": 59
        }
      },
      "1": {
        "start": {
          "line": 2,
          "column": 0
        },
        "end": {
          "line": 2,
          "column": 91
        }
      },
      "2": {
        "start": {
          "line": 3,
          "column": 0
        },
        "end": {
          "line": 3,
          "column": 40
        }
      },
      "3": {
        "start": {
          "line": 4,
          "column": 0
        },
        "end": {
          "line": 4,
          "column": 29
        }
      },
      "5": {
        "start": {
          "line": 6,
          "column": 0
        },
        "end": {
          "line": 6,
          "column": 39
        }
      },
      "6": {
        "start": {
          "line": 7,
          "column": 0
        },
        "end": {
          "line": 7,
          "column": 66
        }
      },
      "7": {
        "start": {
          "line": 8,
          "column": 0
        },
        "end": {
          "line": 8,
          "column": 51
        }
      },
      "8": {
        "start": {
          "line": 9,
          "column": 0
        },
        "end": {
          "line": 9,
          "column": 52
        }
      },
      "9": {
        "start": {
          "line": 10,
          "column": 0
        },
        "end": {
          "line": 10,
          "column": 54
        }
      },
      "12": {
        "start": {
          "line": 13,
          "column": 0
        },
        "end": {
          "line": 13,
          "column": 32
        }
      },
      "13": {
        "start": {
          "line": 14,
          "column": 0
        },
        "end": {
          "line": 14,
          "column": 67
        }
      },
      "14": {
        "start": {
          "line": 15,
          "column": 0
        },
        "end": {
          "line": 15,
          "column": 4
        }
      },
      "16": {
        "start": {
          "line": 17,
          "column": 0
        },
        "end": {
          "line": 17,
          "column": 19
        }
      },
      "17": {
        "start": {
          "line": 18,
          "column": 0
        },
        "end": {
          "line": 18,
          "column": 21
        }
      },
      "18": {
        "start": {
          "line": 19,
          "column": 0
        },
        "end": {
          "line": 19,
          "column": 17
        }
      },
      "21": {
        "start": {
          "line": 22,
          "column": 0
        },
        "end": {
          "line": 22,
          "column": 19
        }
      },
      "22": {
        "start": {
          "line": 23,
          "column": 0
        },
        "end": {
          "line": 23,
          "column": 59
        }
      },
      "23": {
        "start": {
          "line": 24,
          "column": 0
        },
        "end": {
          "line": 24,
          "column": 34
        }
      },
      "24": {
        "start": {
          "line": 25,
          "column": 0
        },
        "end": {
          "line": 25,
          "column": 9
        }
      },
      "26": {
        "start": {
          "line": 27,
          "column": 0
        },
        "end": {
          "line": 27,
          "column": 41
        }
      },
      "27": {
        "start": {
          "line": 28,
          "column": 0
        },
        "end": {
          "line": 28,
          "column": 48
        }
      },
      "29": {
        "start": {
          "line": 30,
          "column": 0
        },
        "end": {
          "line": 30,
          "column": 68
        }
      },
      "30": {
        "start": {
          "line": 31,
          "column": 0
        },
        "end": {
          "line": 31,
          "column": 48
        }
      },
      "31": {
        "start": {
          "line": 32,
          "column": 0
        },
        "end": {
          "line": 32,
          "column": 22
        }
      },
      "32": {
        "start": {
          "line": 33,
          "column": 0
        },
        "end": {
          "line": 33,
          "column": 23
        }
      },
      "34": {
        "start": {
          "line": 35,
          "column": 0
        },
        "end": {
          "line": 35,
          "column": 9
        }
      },
      "35": {
        "start": {
          "line": 36,
          "column": 0
        },
        "end": {
          "line": 36,
          "column": 71
        }
      },
      "36": {
        "start": {
          "line": 37,
          "column": 0
        },
        "end": {
          "line": 37,
          "column": 71
        }
      },
      "37": {
        "start": {
          "line": 38,
          "column": 0
        },
        "end": {
          "line": 38,
          "column": 49
        }
      },
      "38": {
        "start": {
          "line": 39,
          "column": 0
        },
        "end": {
          "line": 39,
          "column": 13
        }
      },
      "39": {
        "start": {
          "line": 40,
          "column": 0
        },
        "end": {
          "line": 40,
          "column": 53
        }
      },
      "40": {
        "start": {
          "line": 41,
          "column": 0
        },
        "end": {
          "line": 41,
          "column": 93
        }
      },
      "41": {
        "start": {
          "line": 42,
          "column": 0
        },
        "end": {
          "line": 42,
          "column": 13
        }
      },
      "42": {
        "start": {
          "line": 43,
          "column": 0
        },
        "end": {
          "line": 43,
          "column": 8
        }
      },
      "43": {
        "start": {
          "line": 44,
          "column": 0
        },
        "end": {
          "line": 44,
          "column": 51
        }
      },
      "44": {
        "start": {
          "line": 45,
          "column": 0
        },
        "end": {
          "line": 45,
          "column": 15
        }
      },
      "45": {
        "start": {
          "line": 46,
          "column": 0
        },
        "end": {
          "line": 46,
          "column": 26
        }
      },
      "46": {
        "start": {
          "line": 47,
          "column": 0
        },
        "end": {
          "line": 47,
          "column": 5
        }
      },
      "47": {
        "start": {
          "line": 48,
          "column": 0
        },
        "end": {
          "line": 48,
          "column": 4
        }
      },
      "49": {
        "start": {
          "line": 50,
          "column": 0
        },
        "end": {
          "line": 50,
          "column": 54
        }
      },
      "50": {
        "start": {
          "line": 51,
          "column": 0
        },
        "end": {
          "line": 51,
          "column": 43
        }
      },
      "51": {
        "start": {
          "line": 52,
          "column": 0
        },
        "end": {
          "line": 52,
          "column": 25
        }
      },
      "52": {
        "start": {
          "line": 53,
          "column": 0
        },
        "end": {
          "line": 53,
          "column": 26
        }
      },
      "53": {
        "start": {
          "line": 54,
          "column": 0
        },
        "end": {
          "line": 54,
          "column": 5
        }
      },
      "54": {
        "start": {
          "line": 55,
          "column": 0
        },
        "end": {
          "line": 55,
          "column": 4
        }
      },
      "56": {
        "start": {
          "line": 57,
          "column": 0
        },
        "end": {
          "line": 57,
          "column": 10
        }
      },
      "57": {
        "start": {
          "line": 58,
          "column": 0
        },
        "end": {
          "line": 58,
          "column": 36
        }
      },
      "58": {
        "start": {
          "line": 59,
          "column": 0
        },
        "end": {
          "line": 59,
          "column": 35
        }
      },
      "59": {
        "start": {
          "line": 60,
          "column": 0
        },
        "end": {
          "line": 60,
          "column": 40
        }
      },
      "60": {
        "start": {
          "line": 61,
          "column": 0
        },
        "end": {
          "line": 61,
          "column": 46
        }
      },
      "61": {
        "start": {
          "line": 62,
          "column": 0
        },
        "end": {
          "line": 62,
          "column": 39
        }
      },
      "62": {
        "start": {
          "line": 63,
          "column": 0
        },
        "end": {
          "line": 63,
          "column": 30
        }
      },
      "63": {
        "start": {
          "line": 64,
          "column": 0
        },
        "end": {
          "line": 64,
          "column": 50
        }
      },
      "64": {
        "start": {
          "line": 65,
          "column": 0
        },
        "end": {
          "line": 65,
          "column": 16
        }
      },
      "65": {
        "start": {
          "line": 66,
          "column": 0
        },
        "end": {
          "line": 66,
          "column": 14
        }
      },
      "66": {
        "start": {
          "line": 67,
          "column": 0
        },
        "end": {
          "line": 67,
          "column": 12
        }
      },
      "68": {
        "start": {
          "line": 69,
          "column": 0
        },
        "end": {
          "line": 69,
          "column": 37
        }
      },
      "69": {
        "start": {
          "line": 70,
          "column": 0
        },
        "end": {
          "line": 70,
          "column": 36
        }
      },
      "70": {
        "start": {
          "line": 71,
          "column": 0
        },
        "end": {
          "line": 71,
          "column": 60
        }
      },
      "71": {
        "start": {
          "line": 72,
          "column": 0
        },
        "end": {
          "line": 72,
          "column": 11
        }
      },
      "72": {
        "start": {
          "line": 73,
          "column": 0
        },
        "end": {
          "line": 73,
          "column": 23
        }
      },
      "73": {
        "start": {
          "line": 74,
          "column": 0
        },
        "end": {
          "line": 74,
          "column": 44
        }
      },
      "74": {
        "start": {
          "line": 75,
          "column": 0
        },
        "end": {
          "line": 75,
          "column": 43
        }
      },
      "75": {
        "start": {
          "line": 76,
          "column": 0
        },
        "end": {
          "line": 76,
          "column": 43
        }
      },
      "76": {
        "start": {
          "line": 77,
          "column": 0
        },
        "end": {
          "line": 77,
          "column": 29
        }
      },
      "77": {
        "start": {
          "line": 78,
          "column": 0
        },
        "end": {
          "line": 78,
          "column": 29
        }
      },
      "78": {
        "start": {
          "line": 79,
          "column": 0
        },
        "end": {
          "line": 79,
          "column": 29
        }
      },
      "79": {
        "start": {
          "line": 80,
          "column": 0
        },
        "end": {
          "line": 80,
          "column": 20
        }
      },
      "80": {
        "start": {
          "line": 81,
          "column": 0
        },
        "end": {
          "line": 81,
          "column": 18
        }
      },
      "81": {
        "start": {
          "line": 82,
          "column": 0
        },
        "end": {
          "line": 82,
          "column": 16
        }
      },
      "83": {
        "start": {
          "line": 84,
          "column": 0
        },
        "end": {
          "line": 84,
          "column": 36
        }
      },
      "84": {
        "start": {
          "line": 85,
          "column": 0
        },
        "end": {
          "line": 85,
          "column": 12
        }
      },
      "86": {
        "start": {
          "line": 87,
          "column": 0
        },
        "end": {
          "line": 87,
          "column": 44
        }
      },
      "87": {
        "start": {
          "line": 88,
          "column": 0
        },
        "end": {
          "line": 88,
          "column": 44
        }
      },
      "88": {
        "start": {
          "line": 89,
          "column": 0
        },
        "end": {
          "line": 89,
          "column": 19
        }
      },
      "89": {
        "start": {
          "line": 90,
          "column": 0
        },
        "end": {
          "line": 90,
          "column": 34
        }
      },
      "90": {
        "start": {
          "line": 91,
          "column": 0
        },
        "end": {
          "line": 91,
          "column": 30
        }
      },
      "91": {
        "start": {
          "line": 92,
          "column": 0
        },
        "end": {
          "line": 92,
          "column": 59
        }
      },
      "92": {
        "start": {
          "line": 93,
          "column": 0
        },
        "end": {
          "line": 93,
          "column": 39
        }
      },
      "93": {
        "start": {
          "line": 94,
          "column": 0
        },
        "end": {
          "line": 94,
          "column": 70
        }
      },
      "94": {
        "start": {
          "line": 95,
          "column": 0
        },
        "end": {
          "line": 95,
          "column": 20
        }
      },
      "95": {
        "start": {
          "line": 96,
          "column": 0
        },
        "end": {
          "line": 96,
          "column": 32
        }
      },
      "96": {
        "start": {
          "line": 97,
          "column": 0
        },
        "end": {
          "line": 97,
          "column": 12
        }
      },
      "97": {
        "start": {
          "line": 98,
          "column": 0
        },
        "end": {
          "line": 98,
          "column": 17
        }
      },
      "98": {
        "start": {
          "line": 99,
          "column": 0
        },
        "end": {
          "line": 99,
          "column": 35
        }
      },
      "99": {
        "start": {
          "line": 100,
          "column": 0
        },
        "end": {
          "line": 100,
          "column": 39
        }
      },
      "100": {
        "start": {
          "line": 101,
          "column": 0
        },
        "end": {
          "line": 101,
          "column": 54
        }
      },
      "102": {
        "start": {
          "line": 103,
          "column": 0
        },
        "end": {
          "line": 103,
          "column": 80
        }
      },
      "103": {
        "start": {
          "line": 104,
          "column": 0
        },
        "end": {
          "line": 104,
          "column": 63
        }
      },
      "104": {
        "start": {
          "line": 105,
          "column": 0
        },
        "end": {
          "line": 105,
          "column": 18
        }
      },
      "105": {
        "start": {
          "line": 106,
          "column": 0
        },
        "end": {
          "line": 106,
          "column": 19
        }
      },
      "106": {
        "start": {
          "line": 107,
          "column": 0
        },
        "end": {
          "line": 107,
          "column": 14
        }
      },
      "107": {
        "start": {
          "line": 108,
          "column": 0
        },
        "end": {
          "line": 108,
          "column": 12
        }
      },
      "108": {
        "start": {
          "line": 109,
          "column": 0
        },
        "end": {
          "line": 109,
          "column": 10
        }
      },
      "110": {
        "start": {
          "line": 111,
          "column": 0
        },
        "end": {
          "line": 111,
          "column": 2
        }
      },
      "112": {
        "start": {
          "line": 113,
          "column": 0
        },
        "end": {
          "line": 113,
          "column": 29
        }
      }
    },
    "s": {
      "0": 0,
      "1": 0,
      "2": 0,
      "3": 0,
      "5": 0,
      "6": 0,
      "7": 0,
      "8": 0,
      "9": 0,
      "12": 0,
      "13": 0,
      "14": 0,
      "16": 0,
      "17": 0,
      "18": 0,
      "21": 0,
      "22": 0,
      "23": 0,
      "24": 0,
      "26": 0,
      "27": 0,
      "29": 0,
      "30": 0,
      "31": 0,
      "32": 0,
      "34": 0,
      "35": 0,
      "36": 0,
      "37": 0,
      "38": 0,
      "39": 0,
      "40": 0,
      "41": 0,
      "42": 0,
      "43": 0,
      "44": 0,
      "45": 0,
      "46": 0,
      "47": 0,
      "49": 0,
      "50": 0,
      "51": 0,
      "52": 0,
      "53": 0,
      "54": 0,
      "56": 0,
      "57": 0,
      "58": 0,
      "59": 0,
      "60": 0,
      "61": 0,
      "62": 0,
      "63": 0,
      "64": 0,
      "65": 0,
      "66": 0,
      "68": 0,
      "69": 0,
      "70": 0,
      "71": 0,
      "72": 0,
      "73": 0,
      "74": 0,
      "75": 0,
      "76": 0,
      "77": 0,
      "78": 0,
      "79": 0,
      "80": 0,
      "81": 0,
      "83": 0,
      "84": 0,
      "86": 0,
      "87": 0,
      "88": 0,
      "89": 0,
      "90": 0,
      "91": 0,
      "92": 0,
      "93": 0,
      "94": 0,
      "95": 0,
      "96": 0,
      "97": 0,
      "98": 0,
      "99": 0,
      "100": 0,
      "102": 0,
      "103": 0,
      "104": 0,
      "105": 0,
      "106": 0,
      "107": 0,
      "108": 0,
      "110": 0,
      "112": 0
    },
    "branchMap": {
      "0": {
        "type": "branch",
        "line": 1,
        "loc": {
          "start": {
            "line": 1,
            "column": 3486
          },
          "end": {
            "line": 113,
            "column": 29
          }
        },
        "locations": [
          {
            "start": {
              "line": 1,
              "column": 3486
            },
            "end": {
              "line": 113,
              "column": 29
            }
          }
        ]
      }
    },
    "b": {
      "0": [
        0
      ]
    },
    "fnMap": {
      "0": {
        "name": "(empty-report)",
        "decl": {
          "start": {
            "line": 1,
            "column": 3486
          },
          "end": {
            "line": 113,
            "column": 29
          }
        },
        "loc": {
          "start": {
            "line": 1,
            "column": 3486
          },
          "end": {
            "line": 113,
            "column": 29
          }
        },
        "line": 1
      }
    },
    "f": {
      "0": 0
    }
  },
  "/Users/arthurhead/IdeaProjects/junie-wealth-coach/src/components/ChatMessage.tsx": {
    "path": "/Users/arthurhead/IdeaProjects/junie-wealth-coach/src/components/ChatMessage.tsx",
    "all": true,
    "statementMap": {
      "0": {
        "start": {
          "line": 1,
          "column": 0
        },
        "end": {
          "line": 1,
          "column": 26
        }
      },
      "1": {
        "start": {
          "line": 2,
          "column": 0
        },
        "end": {
          "line": 2,
          "column": 78
        }
      },
      "2": {
        "start": {
          "line": 3,
          "column": 0
        },
        "end": {
          "line": 3,
          "column": 27
        }
      },
      "8": {
        "start": {
          "line": 9,
          "column": 0
        },
        "end": {
          "line": 9,
          "column": 66
        }
      },
      "9": {
        "start": {
          "line": 10,
          "column": 0
        },
        "end": {
          "line": 10,
          "column": 43
        }
      },
      "10": {
        "start": {
          "line": 11,
          "column": 0
        },
        "end": {
          "line": 11,
          "column": 46
        }
      },
      "11": {
        "start": {
          "line": 12,
          "column": 0
        },
        "end": {
          "line": 12,
          "column": 23
        }
      },
      "12": {
        "start": {
          "line": 13,
          "column": 0
        },
        "end": {
          "line": 13,
          "column": 24
        }
      },
      "13": {
        "start": {
          "line": 14,
          "column": 0
        },
        "end": {
          "line": 14,
          "column": 19
        }
      },
      "14": {
        "start": {
          "line": 15,
          "column": 0
        },
        "end": {
          "line": 15,
          "column": 7
        }
      },
      "15": {
        "start": {
          "line": 16,
          "column": 0
        },
        "end": {
          "line": 16,
          "column": 4
        }
      },
      "17": {
        "start": {
          "line": 18,
          "column": 0
        },
        "end": {
          "line": 18,
          "column": 10
        }
      },
      "18": {
        "start": {
          "line": 19,
          "column": 0
        },
        "end": {
          "line": 19,
          "column": 92
        }
      },
      "19": {
        "start": {
          "line": 20,
          "column": 0
        },
        "end": {
          "line": 20,
          "column": 38
        }
      },
      "20": {
        "start": {
          "line": 21,
          "column": 0
        },
        "end": {
          "line": 21,
          "column": 58
        }
      },
      "21": {
        "start": {
          "line": 22,
          "column": 0
        },
        "end": {
          "line": 22,
          "column": 43
        }
      },
      "22": {
        "start": {
          "line": 23,
          "column": 0
        },
        "end": {
          "line": 23,
          "column": 41
        }
      },
      "23": {
        "start": {
          "line": 24,
          "column": 0
        },
        "end": {
          "line": 24,
          "column": 14
        }
      },
      "24": {
        "start": {
          "line": 25,
          "column": 0
        },
        "end": {
          "line": 25,
          "column": 12
        }
      },
      "25": {
        "start": {
          "line": 26,
          "column": 0
        },
        "end": {
          "line": 26,
          "column": 10
        }
      },
      "27": {
        "start": {
          "line": 28,
          "column": 0
        },
        "end": {
          "line": 28,
          "column": 2
        }
      },
      "29": {
        "start": {
          "line": 30,
          "column": 0
        },
        "end": {
          "line": 30,
          "column": 27
        }
      }
    },
    "s": {
      "0": 0,
      "1": 0,
      "2": 0,
      "8": 0,
      "9": 0,
      "10": 0,
      "11": 0,
      "12": 0,
      "13": 0,
      "14": 0,
      "15": 0,
      "17": 0,
      "18": 0,
      "19": 0,
      "20": 0,
      "21": 0,
      "22": 0,
      "23": 0,
      "24": 0,
      "25": 0,
      "27": 0,
      "29": 0
    },
    "branchMap": {
      "0": {
        "type": "branch",
        "line": 1,
        "loc": {
          "start": {
            "line": 1,
            "column": 799
          },
          "end": {
            "line": 30,
            "column": 27
          }
        },
        "locations": [
          {
            "start": {
              "line": 1,
              "column": 799
            },
            "end": {
              "line": 30,
              "column": 27
            }
          }
        ]
      }
    },
    "b": {
      "0": [
        0
      ]
    },
    "fnMap": {
      "0": {
        "name": "(empty-report)",
        "decl": {
          "start": {
            "line": 1,
            "column": 799
          },
          "end": {
            "line": 30,
            "column": 27
          }
        },
        "loc": {
          "start": {
            "line": 1,
            "column": 799
          },
          "end": {
            "line": 30,
            "column": 27
          }
        },
        "line": 1
      }
    },
    "f": {
      "0": 0
    }
  },
  "/Users/arthurhead/IdeaProjects/junie-wealth-coach/src/services/chatService.ts": {
    "path": "/Users/arthurhead/IdeaProjects/junie-wealth-coach/src/services/chatService.ts",
    "all": false,
    "statementMap": {
      "15": {
        "start": {
          "line": 16,
          "column": 0
        },
        "end": {
          "line": 16,
          "column": 19
        }
      },
      "16": {
        "start": {
          "line": 17,
          "column": 0
        },
        "end": {
          "line": 17,
          "column": 34
        }
      },
      "17": {
        "start": {
          "line": 18,
          "column": 0
        },
        "end": {
          "line": 18,
          "column": 60
        }
      },
      "19": {
        "start": {
          "line": 20,
          "column": 0
        },
        "end": {
          "line": 20,
          "column": 17
        }
      },
      "20": {
        "start": {
          "line": 21,
          "column": 0
        },
        "end": {
          "line": 21,
          "column": 64
        }
      },
      "21": {
        "start": {
          "line": 22,
          "column": 0
        },
        "end": {
          "line": 22,
          "column": 23
        }
      },
      "22": {
        "start": {
          "line": 23,
          "column": 0
        },
        "end": {
          "line": 23,
          "column": 91
        }
      },
      "23": {
        "start": {
          "line": 24,
          "column": 0
        },
        "end": {
          "line": 24,
          "column": 5
        }
      },
      "24": {
        "start": {
          "line": 25,
          "column": 0
        },
        "end": {
          "line": 25,
          "column": 3
        }
      },
      "27": {
        "start": {
          "line": 28,
          "column": 0
        },
        "end": {
          "line": 28,
          "column": 60
        }
      },
      "28": {
        "start": {
          "line": 29,
          "column": 0
        },
        "end": {
          "line": 29,
          "column": 28
        }
      },
      "29": {
        "start": {
          "line": 30,
          "column": 0
        },
        "end": {
          "line": 30,
          "column": 135
        }
      },
      "30": {
        "start": {
          "line": 31,
          "column": 0
        },
        "end": {
          "line": 31,
          "column": 5
        }
      },
      "32": {
        "start": {
          "line": 33,
          "column": 0
        },
        "end": {
          "line": 33,
          "column": 23
        }
      },
      "33": {
        "start": {
          "line": 34,
          "column": 0
        },
        "end": {
          "line": 34,
          "column": 89
        }
      },
      "34": {
        "start": {
          "line": 35,
          "column": 0
        },
        "end": {
          "line": 35,
          "column": 49
        }
      },
      "35": {
        "start": {
          "line": 36,
          "column": 0
        },
        "end": {
          "line": 36,
          "column": 5
        }
      },
      "37": {
        "start": {
          "line": 38,
          "column": 0
        },
        "end": {
          "line": 38,
          "column": 9
        }
      },
      "38": {
        "start": {
          "line": 39,
          "column": 0
        },
        "end": {
          "line": 39,
          "column": 71
        }
      },
      "40": {
        "start": {
          "line": 41,
          "column": 0
        },
        "end": {
          "line": 41,
          "column": 72
        }
      },
      "41": {
        "start": {
          "line": 42,
          "column": 0
        },
        "end": {
          "line": 42,
          "column": 23
        }
      },
      "42": {
        "start": {
          "line": 43,
          "column": 0
        },
        "end": {
          "line": 43,
          "column": 18
        }
      },
      "43": {
        "start": {
          "line": 44,
          "column": 0
        },
        "end": {
          "line": 44,
          "column": 51
        }
      },
      "44": {
        "start": {
          "line": 45,
          "column": 0
        },
        "end": {
          "line": 45,
          "column": 45
        }
      },
      "45": {
        "start": {
          "line": 46,
          "column": 0
        },
        "end": {
          "line": 46,
          "column": 49
        }
      },
      "46": {
        "start": {
          "line": 47,
          "column": 0
        },
        "end": {
          "line": 47,
          "column": 61
        }
      },
      "47": {
        "start": {
          "line": 48,
          "column": 0
        },
        "end": {
          "line": 48,
          "column": 10
        }
      },
      "48": {
        "start": {
          "line": 49,
          "column": 0
        },
        "end": {
          "line": 49,
          "column": 30
        }
      },
      "49": {
        "start": {
          "line": 50,
          "column": 0
        },
        "end": {
          "line": 50,
          "column": 32
        }
      },
      "50": {
        "start": {
          "line": 51,
          "column": 0
        },
        "end": {
          "line": 51,
          "column": 21
        }
      },
      "51": {
        "start": {
          "line": 52,
          "column": 0
        },
        "end": {
          "line": 52,
          "column": 13
        }
      },
      "52": {
        "start": {
          "line": 53,
          "column": 0
        },
        "end": {
          "line": 53,
          "column": 29
        }
      },
      "53": {
        "start": {
          "line": 54,
          "column": 0
        },
        "end": {
          "line": 54,
          "column": 719
        }
      },
      "54": {
        "start": {
          "line": 55,
          "column": 0
        },
        "end": {
          "line": 55,
          "column": 14
        }
      },
      "55": {
        "start": {
          "line": 56,
          "column": 0
        },
        "end": {
          "line": 56,
          "column": 13
        }
      },
      "56": {
        "start": {
          "line": 57,
          "column": 0
        },
        "end": {
          "line": 57,
          "column": 27
        }
      },
      "57": {
        "start": {
          "line": 58,
          "column": 0
        },
        "end": {
          "line": 58,
          "column": 32
        }
      },
      "58": {
        "start": {
          "line": 59,
          "column": 0
        },
        "end": {
          "line": 59,
          "column": 13
        }
      },
      "59": {
        "start": {
          "line": 60,
          "column": 0
        },
        "end": {
          "line": 60,
          "column": 12
        }
      },
      "60": {
        "start": {
          "line": 61,
          "column": 0
        },
        "end": {
          "line": 61,
          "column": 26
        }
      },
      "61": {
        "start": {
          "line": 62,
          "column": 0
        },
        "end": {
          "line": 62,
          "column": 10
        }
      },
      "62": {
        "start": {
          "line": 63,
          "column": 0
        },
        "end": {
          "line": 63,
          "column": 9
        }
      },
      "64": {
        "start": {
          "line": 65,
          "column": 0
        },
        "end": {
          "line": 65,
          "column": 25
        }
      },
      "65": {
        "start": {
          "line": 66,
          "column": 0
        },
        "end": {
          "line": 66,
          "column": 48
        }
      },
      "66": {
        "start": {
          "line": 67,
          "column": 0
        },
        "end": {
          "line": 67,
          "column": 60
        }
      },
      "67": {
        "start": {
          "line": 68,
          "column": 0
        },
        "end": {
          "line": 68,
          "column": 34
        }
      },
      "68": {
        "start": {
          "line": 69,
          "column": 0
        },
        "end": {
          "line": 69,
          "column": 42
        }
      },
      "69": {
        "start": {
          "line": 70,
          "column": 0
        },
        "end": {
          "line": 70,
          "column": 26
        }
      },
      "70": {
        "start": {
          "line": 71,
          "column": 0
        },
        "end": {
          "line": 71,
          "column": 11
        }
      },
      "71": {
        "start": {
          "line": 72,
          "column": 0
        },
        "end": {
          "line": 72,
          "column": 89
        }
      },
      "72": {
        "start": {
          "line": 73,
          "column": 0
        },
        "end": {
          "line": 73,
          "column": 7
        }
      },
      "74": {
        "start": {
          "line": 75,
          "column": 0
        },
        "end": {
          "line": 75,
          "column": 61
        }
      },
      "75": {
        "start": {
          "line": 76,
          "column": 0
        },
        "end": {
          "line": 76,
          "column": 58
        }
      },
      "77": {
        "start": {
          "line": 78,
          "column": 0
        },
        "end": {
          "line": 78,
          "column": 55
        }
      },
      "78": {
        "start": {
          "line": 79,
          "column": 0
        },
        "end": {
          "line": 79,
          "column": 73
        }
      },
      "79": {
        "start": {
          "line": 80,
          "column": 0
        },
        "end": {
          "line": 80,
          "column": 55
        }
      },
      "80": {
        "start": {
          "line": 81,
          "column": 0
        },
        "end": {
          "line": 81,
          "column": 7
        }
      },
      "82": {
        "start": {
          "line": 83,
          "column": 0
        },
        "end": {
          "line": 83,
          "column": 58
        }
      },
      "83": {
        "start": {
          "line": 84,
          "column": 0
        },
        "end": {
          "line": 84,
          "column": 25
        }
      },
      "84": {
        "start": {
          "line": 85,
          "column": 0
        },
        "end": {
          "line": 85,
          "column": 71
        }
      },
      "85": {
        "start": {
          "line": 86,
          "column": 0
        },
        "end": {
          "line": 86,
          "column": 51
        }
      },
      "86": {
        "start": {
          "line": 87,
          "column": 0
        },
        "end": {
          "line": 87,
          "column": 7
        }
      },
      "88": {
        "start": {
          "line": 89,
          "column": 0
        },
        "end": {
          "line": 89,
          "column": 25
        }
      },
      "90": {
        "start": {
          "line": 91,
          "column": 0
        },
        "end": {
          "line": 91,
          "column": 21
        }
      },
      "91": {
        "start": {
          "line": 92,
          "column": 0
        },
        "end": {
          "line": 92,
          "column": 72
        }
      },
      "93": {
        "start": {
          "line": 94,
          "column": 0
        },
        "end": {
          "line": 94,
          "column": 35
        }
      },
      "95": {
        "start": {
          "line": 96,
          "column": 0
        },
        "end": {
          "line": 96,
          "column": 20
        }
      },
      "96": {
        "start": {
          "line": 97,
          "column": 0
        },
        "end": {
          "line": 97,
          "column": 14
        }
      },
      "97": {
        "start": {
          "line": 98,
          "column": 0
        },
        "end": {
          "line": 98,
          "column": 86
        }
      },
      "98": {
        "start": {
          "line": 99,
          "column": 0
        },
        "end": {
          "line": 99,
          "column": 7
        }
      },
      "99": {
        "start": {
          "line": 100,
          "column": 0
        },
        "end": {
          "line": 100,
          "column": 5
        }
      },
      "100": {
        "start": {
          "line": 101,
          "column": 0
        },
        "end": {
          "line": 101,
          "column": 3
        }
      },
      "103": {
        "start": {
          "line": 104,
          "column": 0
        },
        "end": {
          "line": 104,
          "column": 31
        }
      },
      "104": {
        "start": {
          "line": 105,
          "column": 0
        },
        "end": {
          "line": 105,
          "column": 75
        }
      },
      "105": {
        "start": {
          "line": 106,
          "column": 0
        },
        "end": {
          "line": 106,
          "column": 3
        }
      },
      "108": {
        "start": {
          "line": 109,
          "column": 0
        },
        "end": {
          "line": 109,
          "column": 61
        }
      },
      "109": {
        "start": {
          "line": 110,
          "column": 0
        },
        "end": {
          "line": 110,
          "column": 12
        }
      },
      "110": {
        "start": {
          "line": 111,
          "column": 0
        },
        "end": {
          "line": 111,
          "column": 35
        }
      },
      "111": {
        "start": {
          "line": 112,
          "column": 0
        },
        "end": {
          "line": 112,
          "column": 11
        }
      },
      "112": {
        "start": {
          "line": 113,
          "column": 0
        },
        "end": {
          "line": 113,
          "column": 13
        }
      },
      "113": {
        "start": {
          "line": 114,
          "column": 0
        },
        "end": {
          "line": 114,
          "column": 27
        }
      },
      "114": {
        "start": {
          "line": 115,
          "column": 0
        },
        "end": {
          "line": 115,
          "column": 6
        }
      },
      "115": {
        "start": {
          "line": 116,
          "column": 0
        },
        "end": {
          "line": 116,
          "column": 3
        }
      },
      "118": {
        "start": {
          "line": 119,
          "column": 0
        },
        "end": {
          "line": 119,
          "column": 36
        }
      },
      "119": {
        "start": {
          "line": 120,
          "column": 0
        },
        "end": {
          "line": 120,
          "column": 447
        }
      },
      "120": {
        "start": {
          "line": 121,
          "column": 0
        },
        "end": {
          "line": 121,
          "column": 50
        }
      },
      "121": {
        "start": {
          "line": 122,
          "column": 0
        },
        "end": {
          "line": 122,
          "column": 3
        }
      },
      "122": {
        "start": {
          "line": 123,
          "column": 0
        },
        "end": {
          "line": 123,
          "column": 1
        }
      },
      "124": {
        "start": {
          "line": 125,
          "column": 0
        },
        "end": {
          "line": 125,
          "column": 45
        }
      }
    },
    "s": {
      "15": 1,
      "16": 1,
      "17": 1,
      "19": 1,
      "20": 1,
      "21": 1,
      "22": 0,
      "23": 0,
      "24": 1,
      "27": 1,
      "28": 9,
      "29": 2,
      "30": 2,
      "32": 9,
      "33": 0,
      "34": 0,
      "35": 0,
      "37": 7,
      "38": 7,
      "40": 7,
      "41": 7,
      "42": 7,
      "43": 7,
      "44": 7,
      "45": 7,
      "46": 7,
      "47": 7,
      "48": 7,
      "49": 7,
      "50": 7,
      "51": 7,
      "52": 7,
      "53": 7,
      "54": 7,
      "55": 7,
      "56": 7,
      "57": 7,
      "58": 7,
      "59": 7,
      "60": 7,
      "61": 7,
      "62": 7,
      "64": 9,
      "65": 1,
      "66": 1,
      "67": 1,
      "68": 1,
      "69": 1,
      "70": 1,
      "71": 1,
      "72": 1,
      "74": 4,
      "75": 4,
      "77": 9,
      "78": 2,
      "79": 2,
      "80": 2,
      "82": 2,
      "83": 9,
      "84": 1,
      "85": 1,
      "86": 1,
      "88": 1,
      "90": 9,
      "91": 6,
      "93": 6,
      "95": 5,
      "96": 6,
      "97": 1,
      "98": 1,
      "99": 6,
      "100": 9,
      "103": 1,
      "104": 11,
      "105": 11,
      "108": 1,
      "109": 8,
      "110": 8,
      "111": 8,
      "112": 8,
      "113": 8,
      "114": 8,
      "115": 8,
      "118": 1,
      "119": 3,
      "120": 3,
      "121": 3,
      "122": 1,
      "124": 1
    },
    "branchMap": {
      "0": {
        "type": "branch",
        "line": 17,
        "loc": {
          "start": {
            "line": 17,
            "column": 19
          },
          "end": {
            "line": 18,
            "column": 60
          }
        },
        "locations": [
          {
            "start": {
              "line": 17,
              "column": 19
            },
            "end": {
              "line": 18,
              "column": 60
            }
          }
        ]
      },
      "1": {
        "type": "branch",
        "line": 20,
        "loc": {
          "start": {
            "line": 20,
            "column": 2
          },
          "end": {
            "line": 25,
            "column": 3
          }
        },
        "locations": [
          {
            "start": {
              "line": 20,
              "column": 2
            },
            "end": {
              "line": 25,
              "column": 3
            }
          }
        ]
      },
      "2": {
        "type": "branch",
        "line": 21,
        "loc": {
          "start": {
            "line": 21,
            "column": 34
          },
          "end": {
            "line": 21,
            "column": 64
          }
        },
        "locations": [
          {
            "start": {
              "line": 21,
              "column": 34
            },
            "end": {
              "line": 21,
              "column": 64
            }
          }
        ]
      },
      "3": {
        "type": "branch",
        "line": 22,
        "loc": {
          "start": {
            "line": 22,
            "column": 22
          },
          "end": {
            "line": 24,
            "column": 5
          }
        },
        "locations": [
          {
            "start": {
              "line": 22,
              "column": 22
            },
            "end": {
              "line": 24,
              "column": 5
            }
          }
        ]
      },
      "4": {
        "type": "branch",
        "line": 28,
        "loc": {
          "start": {
            "line": 28,
            "column": 2
          },
          "end": {
            "line": 101,
            "column": 3
          }
        },
        "locations": [
          {
            "start": {
              "line": 28,
              "column": 2
            },
            "end": {
              "line": 101,
              "column": 3
            }
          }
        ]
      },
      "5": {
        "type": "branch",
        "line": 29,
        "loc": {
          "start": {
            "line": 29,
            "column": 27
          },
          "end": {
            "line": 31,
            "column": 5
          }
        },
        "locations": [
          {
            "start": {
              "line": 29,
              "column": 27
            },
            "end": {
              "line": 31,
              "column": 5
            }
          }
        ]
      },
      "6": {
        "type": "branch",
        "line": 31,
        "loc": {
          "start": {
            "line": 31,
            "column": 4
          },
          "end": {
            "line": 33,
            "column": 22
          }
        },
        "locations": [
          {
            "start": {
              "line": 31,
              "column": 4
            },
            "end": {
              "line": 33,
              "column": 22
            }
          }
        ]
      },
      "7": {
        "type": "branch",
        "line": 33,
        "loc": {
          "start": {
            "line": 33,
            "column": 22
          },
          "end": {
            "line": 36,
            "column": 5
          }
        },
        "locations": [
          {
            "start": {
              "line": 33,
              "column": 22
            },
            "end": {
              "line": 36,
              "column": 5
            }
          }
        ]
      },
      "8": {
        "type": "branch",
        "line": 36,
        "loc": {
          "start": {
            "line": 36,
            "column": 4
          },
          "end": {
            "line": 63,
            "column": 9
          }
        },
        "locations": [
          {
            "start": {
              "line": 36,
              "column": 4
            },
            "end": {
              "line": 63,
              "column": 9
            }
          }
        ]
      },
      "9": {
        "type": "branch",
        "line": 63,
        "loc": {
          "start": {
            "line": 63,
            "column": 7
          },
          "end": {
            "line": 65,
            "column": 24
          }
        },
        "locations": [
          {
            "start": {
              "line": 63,
              "column": 7
            },
            "end": {
              "line": 65,
              "column": 24
            }
          }
        ]
      },
      "10": {
        "type": "branch",
        "line": 65,
        "loc": {
          "start": {
            "line": 65,
            "column": 24
          },
          "end": {
            "line": 73,
            "column": 7
          }
        },
        "locations": [
          {
            "start": {
              "line": 65,
              "column": 24
            },
            "end": {
              "line": 73,
              "column": 7
            }
          }
        ]
      },
      "11": {
        "type": "branch",
        "line": 73,
        "loc": {
          "start": {
            "line": 73,
            "column": 6
          },
          "end": {
            "line": 78,
            "column": 27
          }
        },
        "locations": [
          {
            "start": {
              "line": 73,
              "column": 6
            },
            "end": {
              "line": 78,
              "column": 27
            }
          }
        ]
      },
      "12": {
        "type": "branch",
        "line": 78,
        "loc": {
          "start": {
            "line": 78,
            "column": 16
          },
          "end": {
            "line": 78,
            "column": 54
          }
        },
        "locations": [
          {
            "start": {
              "line": 78,
              "column": 16
            },
            "end": {
              "line": 78,
              "column": 54
            }
          }
        ]
      },
      "13": {
        "type": "branch",
        "line": 78,
        "loc": {
          "start": {
            "line": 78,
            "column": 54
          },
          "end": {
            "line": 84,
            "column": 24
          }
        },
        "locations": [
          {
            "start": {
              "line": 78,
              "column": 54
            },
            "end": {
              "line": 84,
              "column": 24
            }
          }
        ]
      },
      "14": {
        "type": "branch",
        "line": 84,
        "loc": {
          "start": {
            "line": 84,
            "column": 24
          },
          "end": {
            "line": 91,
            "column": 13
          }
        },
        "locations": [
          {
            "start": {
              "line": 84,
              "column": 24
            },
            "end": {
              "line": 91,
              "column": 13
            }
          }
        ]
      },
      "15": {
        "type": "branch",
        "line": 91,
        "loc": {
          "start": {
            "line": 91,
            "column": 4
          },
          "end": {
            "line": 100,
            "column": 5
          }
        },
        "locations": [
          {
            "start": {
              "line": 91,
              "column": 4
            },
            "end": {
              "line": 100,
              "column": 5
            }
          }
        ]
      },
      "16": {
        "type": "branch",
        "line": 94,
        "loc": {
          "start": {
            "line": 94,
            "column": 34
          },
          "end": {
            "line": 97,
            "column": 13
          }
        },
        "locations": [
          {
            "start": {
              "line": 94,
              "column": 34
            },
            "end": {
              "line": 97,
              "column": 13
            }
          }
        ]
      },
      "17": {
        "type": "branch",
        "line": 97,
        "loc": {
          "start": {
            "line": 97,
            "column": 6
          },
          "end": {
            "line": 99,
            "column": 7
          }
        },
        "locations": [
          {
            "start": {
              "line": 97,
              "column": 6
            },
            "end": {
              "line": 99,
              "column": 7
            }
          }
        ]
      },
      "18": {
        "type": "branch",
        "line": 104,
        "loc": {
          "start": {
            "line": 104,
            "column": 2
          },
          "end": {
            "line": 106,
            "column": 3
          }
        },
        "locations": [
          {
            "start": {
              "line": 104,
              "column": 2
            },
            "end": {
              "line": 106,
              "column": 3
            }
          }
        ]
      },
      "19": {
        "type": "branch",
        "line": 109,
        "loc": {
          "start": {
            "line": 109,
            "column": 2
          },
          "end": {
            "line": 116,
            "column": 3
          }
        },
        "locations": [
          {
            "start": {
              "line": 109,
              "column": 2
            },
            "end": {
              "line": 116,
              "column": 3
            }
          }
        ]
      },
      "20": {
        "type": "branch",
        "line": 119,
        "loc": {
          "start": {
            "line": 119,
            "column": 2
          },
          "end": {
            "line": 122,
            "column": 3
          }
        },
        "locations": [
          {
            "start": {
              "line": 119,
              "column": 2
            },
            "end": {
              "line": 122,
              "column": 3
            }
          }
        ]
      }
    },
    "b": {
      "0": [
        1
      ],
      "1": [
        1
      ],
      "2": [
        0
      ],
      "3": [
        0
      ],
      "4": [
        9
      ],
      "5": [
        2
      ],
      "6": [
        7
      ],
      "7": [
        0
      ],
      "8": [
        7
      ],
      "9": [
        5
      ],
      "10": [
        1
      ],
      "11": [
        4
      ],
      "12": [
        3
      ],
      "13": [
        2
      ],
      "14": [
        1
      ],
      "15": [
        6
      ],
      "16": [
        5
      ],
      "17": [
        1
      ],
      "18": [
        11
      ],
      "19": [
        8
      ],
      "20": [
        3
      ]
    },
    "fnMap": {
      "0": {
        "name": "<instance_members_initializer>",
        "decl": {
          "start": {
            "line": 17,
            "column": 19
          },
          "end": {
            "line": 18,
            "column": 60
          }
        },
        "loc": {
          "start": {
            "line": 17,
            "column": 19
          },
          "end": {
            "line": 18,
            "column": 60
          }
        },
        "line": 17
      },
      "1": {
        "name": "ChatService",
        "decl": {
          "start": {
            "line": 20,
            "column": 2
          },
          "end": {
            "line": 25,
            "column": 3
          }
        },
        "loc": {
          "start": {
            "line": 20,
            "column": 2
          },
          "end": {
            "line": 25,
            "column": 3
          }
        },
        "line": 20
      },
      "2": {
        "name": "getBotResponse",
        "decl": {
          "start": {
            "line": 28,
            "column": 2
          },
          "end": {
            "line": 101,
            "column": 3
          }
        },
        "loc": {
          "start": {
            "line": 28,
            "column": 2
          },
          "end": {
            "line": 101,
            "column": 3
          }
        },
        "line": 28
      },
      "3": {
        "name": "generateMessageId",
        "decl": {
          "start": {
            "line": 104,
            "column": 2
          },
          "end": {
            "line": 106,
            "column": 3
          }
        },
        "loc": {
          "start": {
            "line": 104,
            "column": 2
          },
          "end": {
            "line": 106,
            "column": 3
          }
        },
        "line": 104
      },
      "4": {
        "name": "createMessage",
        "decl": {
          "start": {
            "line": 109,
            "column": 2
          },
          "end": {
            "line": 116,
            "column": 3
          }
        },
        "loc": {
          "start": {
            "line": 109,
            "column": 2
          },
          "end": {
            "line": 116,
            "column": 3
          }
        },
        "line": 109
      },
      "5": {
        "name": "getWelcomeMessage",
        "decl": {
          "start": {
            "line": 119,
            "column": 2
          },
          "end": {
            "line": 122,
            "column": 3
          }
        },
        "loc": {
          "start": {
            "line": 119,
            "column": 2
          },
          "end": {
            "line": 122,
            "column": 3
          }
        },
        "line": 119
      }
    },
    "f": {
      "0": 1,
      "1": 1,
      "2": 9,
      "3": 11,
      "4": 8,
      "5": 3
    }
  }
}
